[1709551024.871][INFO]: Starting ChromeDriver 122.0.6261.94 (880dbf29479c6152d5e4f08dfd3a96b30f919e56-refs/branch-heads/6261@{#960}) on port 27898
[1709551024.872][INFO]: Please see https://chromedriver.chromium.org/security-considerations for suggestions on keeping ChromeDriver safe.
[1709551025.277][INFO]: [fb580449de3d5a36fcb04f9d4870193a] COMMAND InitSession {
   "capabilities": {
      "firstMatch": [ {
         "browserName": "chrome",
         "goog:chromeOptions": {
            "args": [  ],
            "binary": "C:\\Program Files\\Google\\Chrome\\Application\\chrome.exe",
            "extensions": [  ]
         },
         "goog:loggingPrefs": {
            "browser": "ALL",
            "driver": "ALL"
         }
      } ]
   }
}
[1709551025.280][INFO]: Populating Preferences file: {
   "alternate_error_pages": {
      "enabled": false
   },
   "autofill": {
      "enabled": false
   },
   "browser": {
      "check_default_browser": false
   },
   "distribution": {
      "import_bookmarks": false,
      "import_history": false,
      "import_search_engine": false,
      "make_chrome_default_for_user": false,
      "skip_first_run_ui": true
   },
   "dns_prefetching": {
      "enabled": false
   },
   "profile": {
      "content_settings": {
         "pattern_pairs": {
            "https://*,*": {
               "media-stream": {
                  "audio": "Default",
                  "video": "Default"
               }
            }
         }
      },
      "default_content_setting_values": {
         "geolocation": 1
      },
      "default_content_settings": {
         "geolocation": 1,
         "mouselock": 1,
         "notifications": 1,
         "popups": 1,
         "ppapi-broker": 1
      },
      "password_manager_enabled": false
   },
   "safebrowsing": {
      "enabled": false
   },
   "search": {
      "suggest_enabled": false
   },
   "translate": {
      "enabled": false
   }
}
[1709551025.280][INFO]: Populating Local State file: {
   "background_mode": {
      "enabled": false
   },
   "ssl": {
      "rev_checking": {
         "enabled": false
      }
   }
}
[1709551025.282][INFO]: ChromeDriver supports communication with Chrome via pipes. This is more reliable and more secure.
[1709551025.282][INFO]: Use the --remote-debugging-pipe Chrome switch instead of the default --remote-debugging-port to enable this communication mode.
[1709551025.283][INFO]: Launching chrome: "C:\Program Files\Google\Chrome\Application\chrome.exe" --allow-pre-commit-input --disable-background-networking --disable-backgrounding-occluded-windows --disable-client-side-phishing-detection --disable-default-apps --disable-hang-monitor --disable-popup-blocking --disable-prompt-on-repost --disable-sync --enable-automation --enable-logging --log-level=0 --no-first-run --no-service-autorun --password-store=basic --remote-debugging-port=0 --test-type=webdriver --use-mock-keychain --user-data-dir="C:\WINDOWS\SystemTemp\scoped_dir17228_1316169090" data:,
[1709551026.300][INFO]: resolved localhost to ["::1","127.0.0.1"]
[1709551026.474][INFO]: [fb580449de3d5a36fcb04f9d4870193a] RESPONSE InitSession {
   "capabilities": {
      "acceptInsecureCerts": false,
      "browserName": "chrome",
      "browserVersion": "122.0.6261.95",
      "chrome": {
         "chromedriverVersion": "122.0.6261.94 (880dbf29479c6152d5e4f08dfd3a96b30f919e56-refs/branch-heads/6261@{#960})",
         "userDataDir": "C:\\WINDOWS\\SystemTemp\\scoped_dir17228_1316169090"
      },
      "fedcm:accounts": true,
      "goog:chromeOptions": {
         "debuggerAddress": "localhost:37141"
      },
      "networkConnectionEnabled": false,
      "pageLoadStrategy": "normal",
      "platformName": "windows",
      "proxy": {
      },
      "setWindowRect": true,
      "strictFileInteractability": false,
      "timeouts": {
         "implicit": 0,
         "pageLoad": 300000,
         "script": 30000
      },
      "unhandledPromptBehavior": "dismiss and notify",
      "webauthn:extension:credBlob": true,
      "webauthn:extension:largeBlob": true,
      "webauthn:extension:minPinLength": true,
      "webauthn:extension:prf": true,
      "webauthn:virtualAuthenticators": true
   },
   "sessionId": "fb580449de3d5a36fcb04f9d4870193a"
}
[1709551027.165][INFO]: [fb580449de3d5a36fcb04f9d4870193a] COMMAND MaximizeWindow {
}
[1709551027.165][INFO]: Waiting for pending navigations...
[1709551027.167][INFO]: Done waiting for pending navigations. Status: ok
[1709551027.358][INFO]: Waiting for pending navigations...
[1709551027.374][INFO]: Done waiting for pending navigations. Status: ok
[1709551027.375][INFO]: [fb580449de3d5a36fcb04f9d4870193a] RESPONSE MaximizeWindow {
   "height": 1066,
   "width": 1936,
   "x": -8,
   "y": -8
}
[1709551027.435][INFO]: [fb580449de3d5a36fcb04f9d4870193a] COMMAND SetTimeouts {
   "implicit": 10000
}
[1709551027.435][INFO]: [fb580449de3d5a36fcb04f9d4870193a] RESPONSE SetTimeouts
[1709551027.448][INFO]: [fb580449de3d5a36fcb04f9d4870193a] COMMAND Navigate {
   "url": "https://www.google.com"
}
[1709551027.448][INFO]: Waiting for pending navigations...
[1709551027.452][INFO]: Done waiting for pending navigations. Status: ok
[1709551027.843][INFO]: Waiting for pending navigations...
[1709551029.310][INFO]: Done waiting for pending navigations. Status: ok
[1709551029.310][INFO]: [fb580449de3d5a36fcb04f9d4870193a] RESPONSE Navigate
[1709551029.326][INFO]: [fb580449de3d5a36fcb04f9d4870193a] COMMAND FindElement {
   "using": "css selector",
   "value": "*[name='q']"
}
[1709551029.326][INFO]: Waiting for pending navigations...
[1709551029.330][INFO]: Done waiting for pending navigations. Status: ok
[1709551029.348][INFO]: Waiting for pending navigations...
[1709551029.349][INFO]: Done waiting for pending navigations. Status: ok
[1709551029.349][INFO]: [fb580449de3d5a36fcb04f9d4870193a] RESPONSE FindElement {
   "element-6066-11e4-a52e-4f735466cecf": "f.BA066BFB6950CAD37FAF4338C6B488BC.d.304A3BB75B70DBE11A3374DEB908CE67.e.2"
}
[1709551029.374][INFO]: [fb580449de3d5a36fcb04f9d4870193a] COMMAND TypeElement {
   "id": "f.BA066BFB6950CAD37FAF4338C6B488BC.d.304A3BB75B70DBE11A3374DEB908CE67.e.2",
   "text": "Calculator",
   "value": [ "C", "a", "l", "c", "u", "l", "a", "t", "o", "r", "" ]
}
[1709551029.374][INFO]: Waiting for pending navigations...
[1709551029.375][INFO]: Done waiting for pending navigations. Status: ok
[1709551029.474][INFO]: Waiting for pending navigations...
[1709551029.849][INFO]: Done waiting for pending navigations. Status: ok
[1709551029.849][INFO]: [fb580449de3d5a36fcb04f9d4870193a] RESPONSE TypeElement
[1709551029.856][INFO]: [fb580449de3d5a36fcb04f9d4870193a] COMMAND GetUrl {
}
[1709551029.856][INFO]: Waiting for pending navigations...
[1709551029.856][INFO]: Done waiting for pending navigations. Status: ok
[1709551029.888][INFO]: Waiting for pending navigations...
[1709551031.120][INFO]: Done waiting for pending navigations. Status: ok
[1709551031.120][INFO]: [fb580449de3d5a36fcb04f9d4870193a] RESPONSE GetUrl "https://www.google.com/search?q=Calculator&sca_esv=123152d4660d04db&source=hp&ei=ta3lZa-1D8mtseMP9OaG2AM&iflsig=ANes7DEAAAAAZeW7xXsXyripQyqZvYGk591dsU85NblK&ved=0ahUKEwjv48vuvdqEAxXJVmwGHXSzATsQ4dU..."
[1709551031.123][INFO]: [fb580449de3d5a36fcb04f9d4870193a] COMMAND FindElement {
   "using": "xpath",
   "value": "//span[@id = 'cwos']"
}
[1709551031.123][INFO]: Waiting for pending navigations...
[1709551031.124][INFO]: Done waiting for pending navigations. Status: ok
[1709551031.144][INFO]: Waiting for pending navigations...
[1709551031.146][INFO]: Done waiting for pending navigations. Status: ok
[1709551031.146][INFO]: [fb580449de3d5a36fcb04f9d4870193a] RESPONSE FindElement {
   "element-6066-11e4-a52e-4f735466cecf": "f.BA066BFB6950CAD37FAF4338C6B488BC.d.FA3C66B6DBEDCDD4117C81A83B2CCA61.e.27"
}
[1709551031.149][INFO]: [fb580449de3d5a36fcb04f9d4870193a] COMMAND GetElementText {
   "id": "f.BA066BFB6950CAD37FAF4338C6B488BC.d.FA3C66B6DBEDCDD4117C81A83B2CCA61.e.27"
}
[1709551031.149][INFO]: Waiting for pending navigations...
[1709551031.150][INFO]: Done waiting for pending navigations. Status: ok
[1709551031.164][INFO]: Waiting for pending navigations...
[1709551031.164][INFO]: Done waiting for pending navigations. Status: ok
[1709551031.164][INFO]: [fb580449de3d5a36fcb04f9d4870193a] RESPONSE GetElementText "0"
[1709551031.172][INFO]: [fb580449de3d5a36fcb04f9d4870193a] COMMAND Navigate {
   "url": "https://www.google.com"
}
[1709551031.172][INFO]: Waiting for pending navigations...
[1709551031.175][INFO]: Done waiting for pending navigations. Status: ok
[1709551031.409][INFO]: Waiting for pending navigations...
[1709551032.135][INFO]: Done waiting for pending navigations. Status: ok
[1709551032.135][INFO]: [fb580449de3d5a36fcb04f9d4870193a] RESPONSE Navigate
[1709551032.146][INFO]: [fb580449de3d5a36fcb04f9d4870193a] COMMAND FindElement {
   "using": "css selector",
   "value": "*[name='q']"
}
[1709551032.146][INFO]: Waiting for pending navigations...
[1709551032.147][INFO]: Done waiting for pending navigations. Status: ok
[1709551032.153][INFO]: Waiting for pending navigations...
[1709551032.153][INFO]: Done waiting for pending navigations. Status: ok
[1709551032.154][INFO]: [fb580449de3d5a36fcb04f9d4870193a] RESPONSE FindElement {
   "element-6066-11e4-a52e-4f735466cecf": "f.BA066BFB6950CAD37FAF4338C6B488BC.d.64598ABAE27F15B74C98C5F79F72C1DD.e.28"
}
[1709551032.158][INFO]: [fb580449de3d5a36fcb04f9d4870193a] COMMAND TypeElement {
   "id": "f.BA066BFB6950CAD37FAF4338C6B488BC.d.64598ABAE27F15B74C98C5F79F72C1DD.e.28",
   "text": "Calculator",
   "value": [ "C", "a", "l", "c", "u", "l", "a", "t", "o", "r", "" ]
}
[1709551032.158][INFO]: Waiting for pending navigations...
[1709551032.158][INFO]: Done waiting for pending navigations. Status: ok
[1709551032.245][INFO]: Waiting for pending navigations...
[1709551033.799][INFO]: Done waiting for pending navigations. Status: ok
[1709551033.799][INFO]: [fb580449de3d5a36fcb04f9d4870193a] RESPONSE TypeElement
[1709551033.816][INFO]: [fb580449de3d5a36fcb04f9d4870193a] COMMAND GetUrl {
}
[1709551033.816][INFO]: Waiting for pending navigations...
[1709551033.817][INFO]: Done waiting for pending navigations. Status: ok
[1709551033.819][INFO]: Waiting for pending navigations...
[1709551033.820][INFO]: Done waiting for pending navigations. Status: ok
[1709551033.820][INFO]: [fb580449de3d5a36fcb04f9d4870193a] RESPONSE GetUrl "https://www.google.com/search?q=Calculator&sca_esv=123152d4660d04db&source=hp&ei=uK3lZcDyMsq8seMPh9mVwA0&iflsig=ANes7DEAAAAAZeW7yCJXg4LkeaLABQNdMlpDHLEUrBLs&ved=0ahUKEwjArqbwvdqEAxVKXmwGHYdsBdgQ4dU..."
[1709551033.829][INFO]: [fb580449de3d5a36fcb04f9d4870193a] COMMAND FindElement {
   "using": "xpath",
   "value": "//span[@id = 'cwos']"
}
[1709551033.829][INFO]: Waiting for pending navigations...
[1709551033.830][INFO]: Done waiting for pending navigations. Status: ok
[1709551033.838][INFO]: Waiting for pending navigations...
[1709551033.845][INFO]: Done waiting for pending navigations. Status: ok
[1709551033.846][INFO]: [fb580449de3d5a36fcb04f9d4870193a] RESPONSE FindElement {
   "element-6066-11e4-a52e-4f735466cecf": "f.BA066BFB6950CAD37FAF4338C6B488BC.d.43AB8725A4B78C8EB372752B9BF45ADE.e.47"
}
[1709551033.852][INFO]: [fb580449de3d5a36fcb04f9d4870193a] COMMAND GetElementText {
   "id": "f.BA066BFB6950CAD37FAF4338C6B488BC.d.43AB8725A4B78C8EB372752B9BF45ADE.e.47"
}
[1709551033.852][INFO]: Waiting for pending navigations...
[1709551033.853][INFO]: Done waiting for pending navigations. Status: ok
[1709551033.864][INFO]: Waiting for pending navigations...
[1709551033.865][INFO]: Done waiting for pending navigations. Status: ok
[1709551033.865][INFO]: [fb580449de3d5a36fcb04f9d4870193a] RESPONSE GetElementText "0"
[1709551033.883][INFO]: [fb580449de3d5a36fcb04f9d4870193a] COMMAND FindElement {
   "using": "xpath",
   "value": "//div[@class = 'PaQdxb A2W7l']/div[text() = '5']"
}
[1709551033.883][INFO]: Waiting for pending navigations...
[1709551033.890][INFO]: Done waiting for pending navigations. Status: ok
[1709551033.928][INFO]: Waiting for pending navigations...
[1709551033.929][INFO]: Done waiting for pending navigations. Status: ok
[1709551033.929][INFO]: [fb580449de3d5a36fcb04f9d4870193a] RESPONSE FindElement {
   "element-6066-11e4-a52e-4f735466cecf": "f.BA066BFB6950CAD37FAF4338C6B488BC.d.43AB8725A4B78C8EB372752B9BF45ADE.e.48"
}
[1709551033.933][INFO]: [fb580449de3d5a36fcb04f9d4870193a] COMMAND ClickElement {
   "id": "f.BA066BFB6950CAD37FAF4338C6B488BC.d.43AB8725A4B78C8EB372752B9BF45ADE.e.48"
}
[1709551033.933][INFO]: Waiting for pending navigations...
[1709551033.934][INFO]: Done waiting for pending navigations. Status: ok
[1709551034.024][INFO]: Waiting for pending navigations...
[1709551034.026][INFO]: Done waiting for pending navigations. Status: ok
[1709551034.026][INFO]: [fb580449de3d5a36fcb04f9d4870193a] RESPONSE ClickElement
[1709551037.046][INFO]: [fb580449de3d5a36fcb04f9d4870193a] COMMAND FindElement {
   "using": "xpath",
   "value": "//div[@class = 'PaQdxb mF5fo']/div[@aria-label = 'plus']"
}
[1709551037.046][INFO]: Waiting for pending navigations...
[1709551037.047][INFO]: Done waiting for pending navigations. Status: ok
[1709551037.066][INFO]: Waiting for pending navigations...
[1709551037.066][INFO]: Done waiting for pending navigations. Status: ok
[1709551037.066][INFO]: [fb580449de3d5a36fcb04f9d4870193a] RESPONSE FindElement {
   "element-6066-11e4-a52e-4f735466cecf": "f.BA066BFB6950CAD37FAF4338C6B488BC.d.43AB8725A4B78C8EB372752B9BF45ADE.e.49"
}
[1709551037.072][INFO]: [fb580449de3d5a36fcb04f9d4870193a] COMMAND ClickElement {
   "id": "f.BA066BFB6950CAD37FAF4338C6B488BC.d.43AB8725A4B78C8EB372752B9BF45ADE.e.49"
}
[1709551037.072][INFO]: Waiting for pending navigations...
[1709551037.073][INFO]: Done waiting for pending navigations. Status: ok
[1709551037.130][INFO]: Waiting for pending navigations...
[1709551037.133][INFO]: Done waiting for pending navigations. Status: ok
[1709551037.133][INFO]: [fb580449de3d5a36fcb04f9d4870193a] RESPONSE ClickElement
[1709551037.148][INFO]: [fb580449de3d5a36fcb04f9d4870193a] COMMAND FindElement {
   "using": "xpath",
   "value": "//div[@class = 'PaQdxb A2W7l']/div[text() = '7']"
}
[1709551037.148][INFO]: Waiting for pending navigations...
[1709551037.149][INFO]: Done waiting for pending navigations. Status: ok
[1709551037.170][INFO]: Waiting for pending navigations...
[1709551037.171][INFO]: Done waiting for pending navigations. Status: ok
[1709551037.171][INFO]: [fb580449de3d5a36fcb04f9d4870193a] RESPONSE FindElement {
   "element-6066-11e4-a52e-4f735466cecf": "f.BA066BFB6950CAD37FAF4338C6B488BC.d.43AB8725A4B78C8EB372752B9BF45ADE.e.50"
}
[1709551037.183][INFO]: [fb580449de3d5a36fcb04f9d4870193a] COMMAND ClickElement {
   "id": "f.BA066BFB6950CAD37FAF4338C6B488BC.d.43AB8725A4B78C8EB372752B9BF45ADE.e.50"
}
[1709551037.184][INFO]: Waiting for pending navigations...
[1709551037.186][INFO]: Done waiting for pending navigations. Status: ok
[1709551037.243][INFO]: Waiting for pending navigations...
[1709551037.251][INFO]: Done waiting for pending navigations. Status: ok
[1709551037.251][INFO]: [fb580449de3d5a36fcb04f9d4870193a] RESPONSE ClickElement
[1709551040.263][INFO]: [fb580449de3d5a36fcb04f9d4870193a] COMMAND FindElement {
   "using": "xpath",
   "value": "//div[@class = 'PaQdxb mF5fo G7BHUb']/div[@aria-label = 'equals']"
}
[1709551040.263][INFO]: Waiting for pending navigations...
[1709551040.266][INFO]: Done waiting for pending navigations. Status: ok
[1709551040.293][INFO]: Waiting for pending navigations...
[1709551040.301][INFO]: Done waiting for pending navigations. Status: ok
[1709551040.301][INFO]: [fb580449de3d5a36fcb04f9d4870193a] RESPONSE FindElement {
   "element-6066-11e4-a52e-4f735466cecf": "f.BA066BFB6950CAD37FAF4338C6B488BC.d.43AB8725A4B78C8EB372752B9BF45ADE.e.51"
}
[1709551040.313][INFO]: [fb580449de3d5a36fcb04f9d4870193a] COMMAND ClickElement {
   "id": "f.BA066BFB6950CAD37FAF4338C6B488BC.d.43AB8725A4B78C8EB372752B9BF45ADE.e.51"
}
[1709551040.313][INFO]: Waiting for pending navigations...
[1709551040.320][INFO]: Done waiting for pending navigations. Status: ok
[1709551040.397][INFO]: Waiting for pending navigations...
[1709551040.399][INFO]: Done waiting for pending navigations. Status: ok
[1709551040.399][INFO]: [fb580449de3d5a36fcb04f9d4870193a] RESPONSE ClickElement
[1709551040.409][INFO]: [fb580449de3d5a36fcb04f9d4870193a] COMMAND FindElement {
   "using": "xpath",
   "value": "//div[@class='jlkklc']/div/span"
}
[1709551040.409][INFO]: Waiting for pending navigations...
[1709551040.410][INFO]: Done waiting for pending navigations. Status: ok
[1709551040.428][INFO]: Waiting for pending navigations...
[1709551040.436][INFO]: Done waiting for pending navigations. Status: ok
[1709551040.436][INFO]: [fb580449de3d5a36fcb04f9d4870193a] RESPONSE FindElement {
   "element-6066-11e4-a52e-4f735466cecf": "f.BA066BFB6950CAD37FAF4338C6B488BC.d.43AB8725A4B78C8EB372752B9BF45ADE.e.47"
}
[1709551040.456][INFO]: [fb580449de3d5a36fcb04f9d4870193a] COMMAND GetElementText {
   "id": "f.BA066BFB6950CAD37FAF4338C6B488BC.d.43AB8725A4B78C8EB372752B9BF45ADE.e.47"
}
[1709551040.456][INFO]: Waiting for pending navigations...
[1709551040.457][INFO]: Done waiting for pending navigations. Status: ok
[1709551040.474][INFO]: Waiting for pending navigations...
[1709551040.478][INFO]: Done waiting for pending navigations. Status: ok
[1709551040.478][INFO]: [fb580449de3d5a36fcb04f9d4870193a] RESPONSE GetElementText "12"
[1709551040.484][INFO]: [fb580449de3d5a36fcb04f9d4870193a] COMMAND FindElement {
   "using": "xpath",
   "value": "//div[@class = 'PaQdxb A2W7l']/div[text() = '1']"
}
[1709551040.484][INFO]: Waiting for pending navigations...
[1709551040.484][INFO]: Done waiting for pending navigations. Status: ok
[1709551040.497][INFO]: Waiting for pending navigations...
[1709551040.500][INFO]: Done waiting for pending navigations. Status: ok
[1709551040.500][INFO]: [fb580449de3d5a36fcb04f9d4870193a] RESPONSE FindElement {
   "element-6066-11e4-a52e-4f735466cecf": "f.BA066BFB6950CAD37FAF4338C6B488BC.d.43AB8725A4B78C8EB372752B9BF45ADE.e.56"
}
[1709551040.511][INFO]: [fb580449de3d5a36fcb04f9d4870193a] COMMAND ClickElement {
   "id": "f.BA066BFB6950CAD37FAF4338C6B488BC.d.43AB8725A4B78C8EB372752B9BF45ADE.e.56"
}
[1709551040.511][INFO]: Waiting for pending navigations...
[1709551040.515][INFO]: Done waiting for pending navigations. Status: ok
[1709551040.583][INFO]: Waiting for pending navigations...
[1709551040.586][INFO]: Done waiting for pending navigations. Status: ok
[1709551040.586][INFO]: [fb580449de3d5a36fcb04f9d4870193a] RESPONSE ClickElement
[1709551040.599][INFO]: [fb580449de3d5a36fcb04f9d4870193a] COMMAND FindElement {
   "using": "xpath",
   "value": "//div[@class = 'PaQdxb A2W7l']/div[text() = '5']"
}
[1709551040.599][INFO]: Waiting for pending navigations...
[1709551040.600][INFO]: Done waiting for pending navigations. Status: ok
[1709551040.611][INFO]: Waiting for pending navigations...
[1709551040.612][INFO]: Done waiting for pending navigations. Status: ok
[1709551040.612][INFO]: [fb580449de3d5a36fcb04f9d4870193a] RESPONSE FindElement {
   "element-6066-11e4-a52e-4f735466cecf": "f.BA066BFB6950CAD37FAF4338C6B488BC.d.43AB8725A4B78C8EB372752B9BF45ADE.e.48"
}
[1709551040.617][INFO]: [fb580449de3d5a36fcb04f9d4870193a] COMMAND ClickElement {
   "id": "f.BA066BFB6950CAD37FAF4338C6B488BC.d.43AB8725A4B78C8EB372752B9BF45ADE.e.48"
}
[1709551040.617][INFO]: Waiting for pending navigations...
[1709551040.618][INFO]: Done waiting for pending navigations. Status: ok
[1709551040.652][INFO]: Waiting for pending navigations...
[1709551040.652][INFO]: Done waiting for pending navigations. Status: ok
[1709551040.652][INFO]: [fb580449de3d5a36fcb04f9d4870193a] RESPONSE ClickElement
[1709551040.655][INFO]: [fb580449de3d5a36fcb04f9d4870193a] COMMAND FindElement {
   "using": "xpath",
   "value": "//div[@class = 'PaQdxb mF5fo']/div[@aria-label = 'minus']"
}
[1709551040.655][INFO]: Waiting for pending navigations...
[1709551040.656][INFO]: Done waiting for pending navigations. Status: ok
[1709551040.670][INFO]: Waiting for pending navigations...
[1709551040.670][INFO]: Done waiting for pending navigations. Status: ok
[1709551040.670][INFO]: [fb580449de3d5a36fcb04f9d4870193a] RESPONSE FindElement {
   "element-6066-11e4-a52e-4f735466cecf": "f.BA066BFB6950CAD37FAF4338C6B488BC.d.43AB8725A4B78C8EB372752B9BF45ADE.e.57"
}
[1709551040.678][INFO]: [fb580449de3d5a36fcb04f9d4870193a] COMMAND ClickElement {
   "id": "f.BA066BFB6950CAD37FAF4338C6B488BC.d.43AB8725A4B78C8EB372752B9BF45ADE.e.57"
}
[1709551040.678][INFO]: Waiting for pending navigations...
[1709551040.679][INFO]: Done waiting for pending navigations. Status: ok
[1709551040.714][INFO]: Waiting for pending navigations...
[1709551040.715][INFO]: Done waiting for pending navigations. Status: ok
[1709551040.715][INFO]: [fb580449de3d5a36fcb04f9d4870193a] RESPONSE ClickElement
[1709551040.725][INFO]: [fb580449de3d5a36fcb04f9d4870193a] COMMAND FindElement {
   "using": "xpath",
   "value": "//div[@class = 'PaQdxb A2W7l']/div[text() = '8']"
}
[1709551040.725][INFO]: Waiting for pending navigations...
[1709551040.726][INFO]: Done waiting for pending navigations. Status: ok
[1709551040.735][INFO]: Waiting for pending navigations...
[1709551040.736][INFO]: Done waiting for pending navigations. Status: ok
[1709551040.737][INFO]: [fb580449de3d5a36fcb04f9d4870193a] RESPONSE FindElement {
   "element-6066-11e4-a52e-4f735466cecf": "f.BA066BFB6950CAD37FAF4338C6B488BC.d.43AB8725A4B78C8EB372752B9BF45ADE.e.58"
}
[1709551040.741][INFO]: [fb580449de3d5a36fcb04f9d4870193a] COMMAND ClickElement {
   "id": "f.BA066BFB6950CAD37FAF4338C6B488BC.d.43AB8725A4B78C8EB372752B9BF45ADE.e.58"
}
[1709551040.741][INFO]: Waiting for pending navigations...
[1709551040.742][INFO]: Done waiting for pending navigations. Status: ok
[1709551040.778][INFO]: Waiting for pending navigations...
[1709551040.780][INFO]: Done waiting for pending navigations. Status: ok
[1709551040.780][INFO]: [fb580449de3d5a36fcb04f9d4870193a] RESPONSE ClickElement
[1709551040.786][INFO]: [fb580449de3d5a36fcb04f9d4870193a] COMMAND FindElement {
   "using": "xpath",
   "value": "//div[@class = 'PaQdxb mF5fo G7BHUb']/div[@aria-label = 'equals']"
}
[1709551040.786][INFO]: Waiting for pending navigations...
[1709551040.787][INFO]: Done waiting for pending navigations. Status: ok
[1709551040.800][INFO]: Waiting for pending navigations...
[1709551040.801][INFO]: Done waiting for pending navigations. Status: ok
[1709551040.801][INFO]: [fb580449de3d5a36fcb04f9d4870193a] RESPONSE FindElement {
   "element-6066-11e4-a52e-4f735466cecf": "f.BA066BFB6950CAD37FAF4338C6B488BC.d.43AB8725A4B78C8EB372752B9BF45ADE.e.51"
}
[1709551040.805][INFO]: [fb580449de3d5a36fcb04f9d4870193a] COMMAND ClickElement {
   "id": "f.BA066BFB6950CAD37FAF4338C6B488BC.d.43AB8725A4B78C8EB372752B9BF45ADE.e.51"
}
[1709551040.805][INFO]: Waiting for pending navigations...
[1709551040.806][INFO]: Done waiting for pending navigations. Status: ok
[1709551040.849][INFO]: Waiting for pending navigations...
[1709551040.851][INFO]: Done waiting for pending navigations. Status: ok
[1709551040.851][INFO]: [fb580449de3d5a36fcb04f9d4870193a] RESPONSE ClickElement
[1709551040.858][INFO]: [fb580449de3d5a36fcb04f9d4870193a] COMMAND FindElement {
   "using": "xpath",
   "value": "//span[@id = 'cwos']"
}
[1709551040.858][INFO]: Waiting for pending navigations...
[1709551040.858][INFO]: Done waiting for pending navigations. Status: ok
[1709551040.867][INFO]: Waiting for pending navigations...
[1709551040.868][INFO]: Done waiting for pending navigations. Status: ok
[1709551040.868][INFO]: [fb580449de3d5a36fcb04f9d4870193a] RESPONSE FindElement {
   "element-6066-11e4-a52e-4f735466cecf": "f.BA066BFB6950CAD37FAF4338C6B488BC.d.43AB8725A4B78C8EB372752B9BF45ADE.e.47"
}
[1709551040.871][INFO]: [fb580449de3d5a36fcb04f9d4870193a] COMMAND GetElementText {
   "id": "f.BA066BFB6950CAD37FAF4338C6B488BC.d.43AB8725A4B78C8EB372752B9BF45ADE.e.47"
}
[1709551040.871][INFO]: Waiting for pending navigations...
[1709551040.872][INFO]: Done waiting for pending navigations. Status: ok
[1709551040.883][INFO]: Waiting for pending navigations...
[1709551040.884][INFO]: Done waiting for pending navigations. Status: ok
[1709551040.884][INFO]: [fb580449de3d5a36fcb04f9d4870193a] RESPONSE GetElementText "7"
[1709551040.888][INFO]: [fb580449de3d5a36fcb04f9d4870193a] COMMAND Navigate {
   "url": "https://www.google.com"
}
[1709551040.888][INFO]: Waiting for pending navigations...
[1709551040.889][INFO]: Done waiting for pending navigations. Status: ok
[1709551041.459][INFO]: Waiting for pending navigations...
[1709551042.077][INFO]: Done waiting for pending navigations. Status: ok
[1709551042.077][INFO]: [fb580449de3d5a36fcb04f9d4870193a] RESPONSE Navigate
[1709551042.083][INFO]: [fb580449de3d5a36fcb04f9d4870193a] COMMAND FindElement {
   "using": "css selector",
   "value": "*[name='q']"
}
[1709551042.083][INFO]: Waiting for pending navigations...
[1709551042.113][INFO]: Done waiting for pending navigations. Status: ok
[1709551042.174][INFO]: Waiting for pending navigations...
[1709551042.175][INFO]: Done waiting for pending navigations. Status: ok
[1709551042.175][INFO]: [fb580449de3d5a36fcb04f9d4870193a] RESPONSE FindElement {
   "element-6066-11e4-a52e-4f735466cecf": "f.BA066BFB6950CAD37FAF4338C6B488BC.d.47763BF93BF59EC52C40920BD801008D.e.61"
}
[1709551042.182][INFO]: [fb580449de3d5a36fcb04f9d4870193a] COMMAND TypeElement {
   "id": "f.BA066BFB6950CAD37FAF4338C6B488BC.d.47763BF93BF59EC52C40920BD801008D.e.61",
   "text": "Calculator",
   "value": [ "C", "a", "l", "c", "u", "l", "a", "t", "o", "r", "" ]
}
[1709551042.182][INFO]: Waiting for pending navigations...
[1709551042.182][INFO]: Done waiting for pending navigations. Status: ok
[1709551042.291][INFO]: Waiting for pending navigations...
[1709551042.544][INFO]: Done waiting for pending navigations. Status: ok
[1709551042.544][INFO]: [fb580449de3d5a36fcb04f9d4870193a] RESPONSE TypeElement
[1709551042.557][INFO]: [fb580449de3d5a36fcb04f9d4870193a] COMMAND GetUrl {
}
[1709551042.557][INFO]: Waiting for pending navigations...
[1709551042.557][INFO]: Done waiting for pending navigations. Status: ok
[1709551042.595][INFO]: Waiting for pending navigations...
[1709551043.660][INFO]: Done waiting for pending navigations. Status: ok
[1709551043.660][INFO]: [fb580449de3d5a36fcb04f9d4870193a] RESPONSE GetUrl "https://www.google.com/search?q=Calculator&sca_esv=123152d4660d04db&source=hp&ei=wq3lZYvLL-HvkPIPurKU6Ak&iflsig=ANes7DEAAAAAZeW70hqYpdeSe5ACluZgYu87JowzU_Wc&ved=0ahUKEwiLtIX1vdqEAxXhN0QIHToZBZ0Q4dU..."
[1709551043.665][INFO]: [fb580449de3d5a36fcb04f9d4870193a] COMMAND FindElement {
   "using": "xpath",
   "value": "//div[@class='jlkklc']/div/span"
}
[1709551043.665][INFO]: Waiting for pending navigations...
[1709551043.666][INFO]: Done waiting for pending navigations. Status: ok
[1709551043.679][INFO]: Waiting for pending navigations...
[1709551043.679][INFO]: Done waiting for pending navigations. Status: ok
[1709551043.680][INFO]: [fb580449de3d5a36fcb04f9d4870193a] RESPONSE FindElement {
   "element-6066-11e4-a52e-4f735466cecf": "f.BA066BFB6950CAD37FAF4338C6B488BC.d.08F70496ED64D19B2360D27D971153C7.e.79"
}
[1709551043.684][INFO]: [fb580449de3d5a36fcb04f9d4870193a] COMMAND GetElementText {
   "id": "f.BA066BFB6950CAD37FAF4338C6B488BC.d.08F70496ED64D19B2360D27D971153C7.e.79"
}
[1709551043.684][INFO]: Waiting for pending navigations...
[1709551043.685][INFO]: Done waiting for pending navigations. Status: ok
[1709551043.693][INFO]: Waiting for pending navigations...
[1709551043.693][INFO]: Done waiting for pending navigations. Status: ok
[1709551043.693][INFO]: [fb580449de3d5a36fcb04f9d4870193a] RESPONSE GetElementText "0"
[1709551043.697][INFO]: [fb580449de3d5a36fcb04f9d4870193a] COMMAND FindElement {
   "using": "xpath",
   "value": "//div[@class = 'PaQdxb A2W7l']/div[text() = '1']"
}
[1709551043.697][INFO]: Waiting for pending navigations...
[1709551043.698][INFO]: Done waiting for pending navigations. Status: ok
[1709551043.706][INFO]: Waiting for pending navigations...
[1709551043.707][INFO]: Done waiting for pending navigations. Status: ok
[1709551043.707][INFO]: [fb580449de3d5a36fcb04f9d4870193a] RESPONSE FindElement {
   "element-6066-11e4-a52e-4f735466cecf": "f.BA066BFB6950CAD37FAF4338C6B488BC.d.08F70496ED64D19B2360D27D971153C7.e.80"
}
[1709551043.711][INFO]: [fb580449de3d5a36fcb04f9d4870193a] COMMAND ClickElement {
   "id": "f.BA066BFB6950CAD37FAF4338C6B488BC.d.08F70496ED64D19B2360D27D971153C7.e.80"
}
[1709551043.711][INFO]: Waiting for pending navigations...
[1709551043.712][INFO]: Done waiting for pending navigations. Status: ok
[1709551043.812][INFO]: Waiting for pending navigations...
[1709551043.820][INFO]: Done waiting for pending navigations. Status: ok
[1709551043.820][INFO]: [fb580449de3d5a36fcb04f9d4870193a] RESPONSE ClickElement
[1709551043.829][INFO]: [fb580449de3d5a36fcb04f9d4870193a] COMMAND FindElement {
   "using": "xpath",
   "value": "//div[@class = 'PaQdxb A2W7l']/div[text() = '0']"
}
[1709551043.829][INFO]: Waiting for pending navigations...
[1709551043.830][INFO]: Done waiting for pending navigations. Status: ok
[1709551043.854][INFO]: Waiting for pending navigations...
[1709551043.857][INFO]: Done waiting for pending navigations. Status: ok
[1709551043.857][INFO]: [fb580449de3d5a36fcb04f9d4870193a] RESPONSE FindElement {
   "element-6066-11e4-a52e-4f735466cecf": "f.BA066BFB6950CAD37FAF4338C6B488BC.d.08F70496ED64D19B2360D27D971153C7.e.81"
}
[1709551043.875][INFO]: [fb580449de3d5a36fcb04f9d4870193a] COMMAND ClickElement {
   "id": "f.BA066BFB6950CAD37FAF4338C6B488BC.d.08F70496ED64D19B2360D27D971153C7.e.81"
}
[1709551043.876][INFO]: Waiting for pending navigations...
[1709551043.879][INFO]: Done waiting for pending navigations. Status: ok
[1709551044.008][INFO]: Waiting for pending navigations...
[1709551044.010][INFO]: Done waiting for pending navigations. Status: ok
[1709551044.010][INFO]: [fb580449de3d5a36fcb04f9d4870193a] RESPONSE ClickElement
[1709551046.018][INFO]: [fb580449de3d5a36fcb04f9d4870193a] COMMAND FindElement {
   "using": "xpath",
   "value": "//div[@class = 'PaQdxb mF5fo']/div[@aria-label = 'multiply']"
}
[1709551046.018][INFO]: Waiting for pending navigations...
[1709551046.019][INFO]: Done waiting for pending navigations. Status: ok
[1709551046.035][INFO]: Waiting for pending navigations...
[1709551046.035][INFO]: Done waiting for pending navigations. Status: ok
[1709551046.035][INFO]: [fb580449de3d5a36fcb04f9d4870193a] RESPONSE FindElement {
   "element-6066-11e4-a52e-4f735466cecf": "f.BA066BFB6950CAD37FAF4338C6B488BC.d.08F70496ED64D19B2360D27D971153C7.e.82"
}
[1709551046.041][INFO]: [fb580449de3d5a36fcb04f9d4870193a] COMMAND ClickElement {
   "id": "f.BA066BFB6950CAD37FAF4338C6B488BC.d.08F70496ED64D19B2360D27D971153C7.e.82"
}
[1709551046.042][INFO]: Waiting for pending navigations...
[1709551046.042][INFO]: Done waiting for pending navigations. Status: ok
[1709551046.084][INFO]: Waiting for pending navigations...
[1709551046.086][INFO]: Done waiting for pending navigations. Status: ok
[1709551046.086][INFO]: [fb580449de3d5a36fcb04f9d4870193a] RESPONSE ClickElement
[1709551046.091][INFO]: [fb580449de3d5a36fcb04f9d4870193a] COMMAND FindElement {
   "using": "xpath",
   "value": "//div[@class = 'PaQdxb A2W7l']/div[text() = '3']"
}
[1709551046.091][INFO]: Waiting for pending navigations...
[1709551046.092][INFO]: Done waiting for pending navigations. Status: ok
[1709551046.107][INFO]: Waiting for pending navigations...
[1709551046.107][INFO]: Done waiting for pending navigations. Status: ok
[1709551046.107][INFO]: [fb580449de3d5a36fcb04f9d4870193a] RESPONSE FindElement {
   "element-6066-11e4-a52e-4f735466cecf": "f.BA066BFB6950CAD37FAF4338C6B488BC.d.08F70496ED64D19B2360D27D971153C7.e.83"
}
[1709551046.110][INFO]: [fb580449de3d5a36fcb04f9d4870193a] COMMAND ClickElement {
   "id": "f.BA066BFB6950CAD37FAF4338C6B488BC.d.08F70496ED64D19B2360D27D971153C7.e.83"
}
[1709551046.110][INFO]: Waiting for pending navigations...
[1709551046.111][INFO]: Done waiting for pending navigations. Status: ok
[1709551046.148][INFO]: Waiting for pending navigations...
[1709551046.149][INFO]: Done waiting for pending navigations. Status: ok
[1709551046.149][INFO]: [fb580449de3d5a36fcb04f9d4870193a] RESPONSE ClickElement
[1709551048.159][INFO]: [fb580449de3d5a36fcb04f9d4870193a] COMMAND FindElement {
   "using": "xpath",
   "value": "//div[@class = 'PaQdxb mF5fo G7BHUb']/div[@aria-label = 'equals']"
}
[1709551048.159][INFO]: Waiting for pending navigations...
[1709551048.160][INFO]: Done waiting for pending navigations. Status: ok
[1709551048.168][INFO]: Waiting for pending navigations...
[1709551048.169][INFO]: Done waiting for pending navigations. Status: ok
[1709551048.169][INFO]: [fb580449de3d5a36fcb04f9d4870193a] RESPONSE FindElement {
   "element-6066-11e4-a52e-4f735466cecf": "f.BA066BFB6950CAD37FAF4338C6B488BC.d.08F70496ED64D19B2360D27D971153C7.e.84"
}
[1709551048.173][INFO]: [fb580449de3d5a36fcb04f9d4870193a] COMMAND ClickElement {
   "id": "f.BA066BFB6950CAD37FAF4338C6B488BC.d.08F70496ED64D19B2360D27D971153C7.e.84"
}
[1709551048.173][INFO]: Waiting for pending navigations...
[1709551048.174][INFO]: Done waiting for pending navigations. Status: ok
[1709551048.218][INFO]: Waiting for pending navigations...
[1709551048.222][INFO]: Done waiting for pending navigations. Status: ok
[1709551048.222][INFO]: [fb580449de3d5a36fcb04f9d4870193a] RESPONSE ClickElement
[1709551048.228][INFO]: [fb580449de3d5a36fcb04f9d4870193a] COMMAND FindElement {
   "using": "xpath",
   "value": "//div[@class='jlkklc']/div/span"
}
[1709551048.228][INFO]: Waiting for pending navigations...
[1709551048.229][INFO]: Done waiting for pending navigations. Status: ok
[1709551048.236][INFO]: Waiting for pending navigations...
[1709551048.240][INFO]: Done waiting for pending navigations. Status: ok
[1709551048.240][INFO]: [fb580449de3d5a36fcb04f9d4870193a] RESPONSE FindElement {
   "element-6066-11e4-a52e-4f735466cecf": "f.BA066BFB6950CAD37FAF4338C6B488BC.d.08F70496ED64D19B2360D27D971153C7.e.79"
}
[1709551048.244][INFO]: [fb580449de3d5a36fcb04f9d4870193a] COMMAND GetElementText {
   "id": "f.BA066BFB6950CAD37FAF4338C6B488BC.d.08F70496ED64D19B2360D27D971153C7.e.79"
}
[1709551048.244][INFO]: Waiting for pending navigations...
[1709551048.245][INFO]: Done waiting for pending navigations. Status: ok
[1709551048.251][INFO]: Waiting for pending navigations...
[1709551048.252][INFO]: Done waiting for pending navigations. Status: ok
[1709551048.252][INFO]: [fb580449de3d5a36fcb04f9d4870193a] RESPONSE GetElementText "30"
[1709551048.257][INFO]: [fb580449de3d5a36fcb04f9d4870193a] COMMAND FindElement {
   "using": "xpath",
   "value": "//div[text() = 'AC']"
}
[1709551048.257][INFO]: Waiting for pending navigations...
[1709551048.259][INFO]: Done waiting for pending navigations. Status: ok
[1709551048.268][INFO]: Waiting for pending navigations...
[1709551048.269][INFO]: Done waiting for pending navigations. Status: ok
[1709551048.269][INFO]: [fb580449de3d5a36fcb04f9d4870193a] RESPONSE FindElement {
   "element-6066-11e4-a52e-4f735466cecf": "f.BA066BFB6950CAD37FAF4338C6B488BC.d.08F70496ED64D19B2360D27D971153C7.e.89"
}
[1709551048.276][INFO]: [fb580449de3d5a36fcb04f9d4870193a] COMMAND ClickElement {
   "id": "f.BA066BFB6950CAD37FAF4338C6B488BC.d.08F70496ED64D19B2360D27D971153C7.e.89"
}
[1709551048.276][INFO]: Waiting for pending navigations...
[1709551048.277][INFO]: Done waiting for pending navigations. Status: ok
[1709551048.322][INFO]: Waiting for pending navigations...
[1709551048.332][INFO]: Done waiting for pending navigations. Status: ok
[1709551048.332][INFO]: [fb580449de3d5a36fcb04f9d4870193a] RESPONSE ClickElement
[1709551048.336][INFO]: [fb580449de3d5a36fcb04f9d4870193a] COMMAND FindElement {
   "using": "xpath",
   "value": "//div[@class='jlkklc']/div/span"
}
[1709551048.336][INFO]: Waiting for pending navigations...
[1709551048.338][INFO]: Done waiting for pending navigations. Status: ok
[1709551048.349][INFO]: Waiting for pending navigations...
[1709551048.350][INFO]: Done waiting for pending navigations. Status: ok
[1709551048.350][INFO]: [fb580449de3d5a36fcb04f9d4870193a] RESPONSE FindElement {
   "element-6066-11e4-a52e-4f735466cecf": "f.BA066BFB6950CAD37FAF4338C6B488BC.d.08F70496ED64D19B2360D27D971153C7.e.79"
}
[1709551048.353][INFO]: [fb580449de3d5a36fcb04f9d4870193a] COMMAND GetElementText {
   "id": "f.BA066BFB6950CAD37FAF4338C6B488BC.d.08F70496ED64D19B2360D27D971153C7.e.79"
}
[1709551048.353][INFO]: Waiting for pending navigations...
[1709551048.354][INFO]: Done waiting for pending navigations. Status: ok
[1709551048.365][INFO]: Waiting for pending navigations...
[1709551048.366][INFO]: Done waiting for pending navigations. Status: ok
[1709551048.366][INFO]: [fb580449de3d5a36fcb04f9d4870193a] RESPONSE GetElementText "0"
[1709551048.369][INFO]: [fb580449de3d5a36fcb04f9d4870193a] COMMAND Navigate {
   "url": "https://www.google.com"
}
[1709551048.369][INFO]: Waiting for pending navigations...
[1709551048.370][INFO]: Done waiting for pending navigations. Status: ok
[1709551048.769][INFO]: Waiting for pending navigations...
[1709551049.108][INFO]: Done waiting for pending navigations. Status: ok
[1709551049.108][INFO]: [fb580449de3d5a36fcb04f9d4870193a] RESPONSE Navigate
[1709551049.115][INFO]: [fb580449de3d5a36fcb04f9d4870193a] COMMAND FindElement {
   "using": "css selector",
   "value": "*[name='q']"
}
[1709551049.115][INFO]: Waiting for pending navigations...
[1709551049.143][INFO]: Done waiting for pending navigations. Status: ok
[1709551049.181][INFO]: Waiting for pending navigations...
[1709551049.181][INFO]: Done waiting for pending navigations. Status: ok
[1709551049.181][INFO]: [fb580449de3d5a36fcb04f9d4870193a] RESPONSE FindElement {
   "element-6066-11e4-a52e-4f735466cecf": "f.BA066BFB6950CAD37FAF4338C6B488BC.d.7B807B111361DA382DE70FDBB30B23B4.e.92"
}
[1709551049.192][INFO]: [fb580449de3d5a36fcb04f9d4870193a] COMMAND TypeElement {
   "id": "f.BA066BFB6950CAD37FAF4338C6B488BC.d.7B807B111361DA382DE70FDBB30B23B4.e.92",
   "text": "Calculator",
   "value": [ "C", "a", "l", "c", "u", "l", "a", "t", "o", "r", "" ]
}
[1709551049.192][INFO]: Waiting for pending navigations...
[1709551049.193][INFO]: Done waiting for pending navigations. Status: ok
[1709551049.274][INFO]: Waiting for pending navigations...
[1709551049.511][INFO]: Done waiting for pending navigations. Status: ok
[1709551049.511][INFO]: [fb580449de3d5a36fcb04f9d4870193a] RESPONSE TypeElement
[1709551049.556][INFO]: [fb580449de3d5a36fcb04f9d4870193a] COMMAND GetUrl {
}
[1709551049.556][INFO]: Waiting for pending navigations...
[1709551050.261][INFO]: Done waiting for pending navigations. Status: ok
[1709551050.356][INFO]: Waiting for pending navigations...
[1709551050.356][INFO]: Done waiting for pending navigations. Status: ok
[1709551050.356][INFO]: [fb580449de3d5a36fcb04f9d4870193a] RESPONSE GetUrl "https://www.google.com/search?q=Calculator&sca_esv=123152d4660d04db&source=hp&ei=yq3lZa2BCNzgkPIPwtmo-Aw&iflsig=ANes7DEAAAAAZeW72qb5ul2BcqsEAJD64e0jRRgfgvpK&ved=0ahUKEwitjsb4vdqEAxVcMEQIHcIsCs8Q4dU..."
[1709551050.360][INFO]: [fb580449de3d5a36fcb04f9d4870193a] COMMAND FindElement {
   "using": "xpath",
   "value": "//span[@id = 'cwos']"
}
[1709551050.360][INFO]: Waiting for pending navigations...
[1709551050.361][INFO]: Done waiting for pending navigations. Status: ok
[1709551050.369][INFO]: Waiting for pending navigations...
[1709551050.370][INFO]: Done waiting for pending navigations. Status: ok
[1709551050.370][INFO]: [fb580449de3d5a36fcb04f9d4870193a] RESPONSE FindElement {
   "element-6066-11e4-a52e-4f735466cecf": "f.BA066BFB6950CAD37FAF4338C6B488BC.d.B076963C707D87B3A700D59F90A9EC3F.e.112"
}
[1709551050.373][INFO]: [fb580449de3d5a36fcb04f9d4870193a] COMMAND GetElementText {
   "id": "f.BA066BFB6950CAD37FAF4338C6B488BC.d.B076963C707D87B3A700D59F90A9EC3F.e.112"
}
[1709551050.373][INFO]: Waiting for pending navigations...
[1709551050.375][INFO]: Done waiting for pending navigations. Status: ok
[1709551050.382][INFO]: Waiting for pending navigations...
[1709551050.382][INFO]: Done waiting for pending navigations. Status: ok
[1709551050.382][INFO]: [fb580449de3d5a36fcb04f9d4870193a] RESPONSE GetElementText "0"
[1709551050.385][INFO]: [fb580449de3d5a36fcb04f9d4870193a] COMMAND FindElement {
   "using": "xpath",
   "value": "//div[@class = 'PaQdxb A2W7l']/div[text() = '2']"
}
[1709551050.385][INFO]: Waiting for pending navigations...
[1709551050.385][INFO]: Done waiting for pending navigations. Status: ok
[1709551050.396][INFO]: Waiting for pending navigations...
[1709551050.397][INFO]: Done waiting for pending navigations. Status: ok
[1709551050.397][INFO]: [fb580449de3d5a36fcb04f9d4870193a] RESPONSE FindElement {
   "element-6066-11e4-a52e-4f735466cecf": "f.BA066BFB6950CAD37FAF4338C6B488BC.d.B076963C707D87B3A700D59F90A9EC3F.e.113"
}
[1709551050.399][INFO]: [fb580449de3d5a36fcb04f9d4870193a] COMMAND ClickElement {
   "id": "f.BA066BFB6950CAD37FAF4338C6B488BC.d.B076963C707D87B3A700D59F90A9EC3F.e.113"
}
[1709551050.399][INFO]: Waiting for pending navigations...
[1709551050.400][INFO]: Done waiting for pending navigations. Status: ok
[1709551050.449][INFO]: Waiting for pending navigations...
[1709551050.451][INFO]: Done waiting for pending navigations. Status: ok
[1709551050.451][INFO]: [fb580449de3d5a36fcb04f9d4870193a] RESPONSE ClickElement
[1709551050.456][INFO]: [fb580449de3d5a36fcb04f9d4870193a] COMMAND FindElement {
   "using": "xpath",
   "value": "//div[@class = 'PaQdxb A2W7l']/div[text() = '0']"
}
[1709551050.456][INFO]: Waiting for pending navigations...
[1709551050.456][INFO]: Done waiting for pending navigations. Status: ok
[1709551050.464][INFO]: Waiting for pending navigations...
[1709551050.467][INFO]: Done waiting for pending navigations. Status: ok
[1709551050.467][INFO]: [fb580449de3d5a36fcb04f9d4870193a] RESPONSE FindElement {
   "element-6066-11e4-a52e-4f735466cecf": "f.BA066BFB6950CAD37FAF4338C6B488BC.d.B076963C707D87B3A700D59F90A9EC3F.e.114"
}
[1709551050.472][INFO]: [fb580449de3d5a36fcb04f9d4870193a] COMMAND ClickElement {
   "id": "f.BA066BFB6950CAD37FAF4338C6B488BC.d.B076963C707D87B3A700D59F90A9EC3F.e.114"
}
[1709551050.472][INFO]: Waiting for pending navigations...
[1709551050.472][INFO]: Done waiting for pending navigations. Status: ok
[1709551050.511][INFO]: Waiting for pending navigations...
[1709551050.512][INFO]: Done waiting for pending navigations. Status: ok
[1709551050.512][INFO]: [fb580449de3d5a36fcb04f9d4870193a] RESPONSE ClickElement
[1709551053.527][INFO]: [fb580449de3d5a36fcb04f9d4870193a] COMMAND FindElement {
   "using": "xpath",
   "value": "//div[@class = 'PaQdxb mF5fo']/div[@aria-label = 'divide']"
}
[1709551053.527][INFO]: Waiting for pending navigations...
[1709551053.528][INFO]: Done waiting for pending navigations. Status: ok
[1709551053.539][INFO]: Waiting for pending navigations...
[1709551053.540][INFO]: Done waiting for pending navigations. Status: ok
[1709551053.540][INFO]: [fb580449de3d5a36fcb04f9d4870193a] RESPONSE FindElement {
   "element-6066-11e4-a52e-4f735466cecf": "f.BA066BFB6950CAD37FAF4338C6B488BC.d.B076963C707D87B3A700D59F90A9EC3F.e.115"
}
[1709551053.542][INFO]: [fb580449de3d5a36fcb04f9d4870193a] COMMAND ClickElement {
   "id": "f.BA066BFB6950CAD37FAF4338C6B488BC.d.B076963C707D87B3A700D59F90A9EC3F.e.115"
}
[1709551053.542][INFO]: Waiting for pending navigations...
[1709551053.543][INFO]: Done waiting for pending navigations. Status: ok
[1709551053.585][INFO]: Waiting for pending navigations...
[1709551053.587][INFO]: Done waiting for pending navigations. Status: ok
[1709551053.587][INFO]: [fb580449de3d5a36fcb04f9d4870193a] RESPONSE ClickElement
[1709551053.590][INFO]: [fb580449de3d5a36fcb04f9d4870193a] COMMAND FindElement {
   "using": "xpath",
   "value": "//div[@class = 'PaQdxb A2W7l']/div[text() = '4']"
}
[1709551053.590][INFO]: Waiting for pending navigations...
[1709551053.591][INFO]: Done waiting for pending navigations. Status: ok
[1709551053.604][INFO]: Waiting for pending navigations...
[1709551053.605][INFO]: Done waiting for pending navigations. Status: ok
[1709551053.605][INFO]: [fb580449de3d5a36fcb04f9d4870193a] RESPONSE FindElement {
   "element-6066-11e4-a52e-4f735466cecf": "f.BA066BFB6950CAD37FAF4338C6B488BC.d.B076963C707D87B3A700D59F90A9EC3F.e.116"
}
[1709551053.607][INFO]: [fb580449de3d5a36fcb04f9d4870193a] COMMAND ClickElement {
   "id": "f.BA066BFB6950CAD37FAF4338C6B488BC.d.B076963C707D87B3A700D59F90A9EC3F.e.116"
}
[1709551053.607][INFO]: Waiting for pending navigations...
[1709551053.608][INFO]: Done waiting for pending navigations. Status: ok
[1709551053.640][INFO]: Waiting for pending navigations...
[1709551053.642][INFO]: Done waiting for pending navigations. Status: ok
[1709551053.642][INFO]: [fb580449de3d5a36fcb04f9d4870193a] RESPONSE ClickElement
[1709551056.660][INFO]: [fb580449de3d5a36fcb04f9d4870193a] COMMAND FindElement {
   "using": "xpath",
   "value": "//div[@class = 'PaQdxb mF5fo G7BHUb']/div[@aria-label = 'equals']"
}
[1709551056.660][INFO]: Waiting for pending navigations...
[1709551056.660][INFO]: Done waiting for pending navigations. Status: ok
[1709551056.668][INFO]: Waiting for pending navigations...
[1709551056.669][INFO]: Done waiting for pending navigations. Status: ok
[1709551056.669][INFO]: [fb580449de3d5a36fcb04f9d4870193a] RESPONSE FindElement {
   "element-6066-11e4-a52e-4f735466cecf": "f.BA066BFB6950CAD37FAF4338C6B488BC.d.B076963C707D87B3A700D59F90A9EC3F.e.117"
}
[1709551056.672][INFO]: [fb580449de3d5a36fcb04f9d4870193a] COMMAND ClickElement {
   "id": "f.BA066BFB6950CAD37FAF4338C6B488BC.d.B076963C707D87B3A700D59F90A9EC3F.e.117"
}
[1709551056.672][INFO]: Waiting for pending navigations...
[1709551056.673][INFO]: Done waiting for pending navigations. Status: ok
[1709551056.713][INFO]: Waiting for pending navigations...
[1709551056.715][INFO]: Done waiting for pending navigations. Status: ok
[1709551056.715][INFO]: [fb580449de3d5a36fcb04f9d4870193a] RESPONSE ClickElement
[1709551056.721][INFO]: [fb580449de3d5a36fcb04f9d4870193a] COMMAND FindElement {
   "using": "xpath",
   "value": "//div[@class='jlkklc']/div/span"
}
[1709551056.721][INFO]: Waiting for pending navigations...
[1709551056.722][INFO]: Done waiting for pending navigations. Status: ok
[1709551056.730][INFO]: Waiting for pending navigations...
[1709551056.731][INFO]: Done waiting for pending navigations. Status: ok
[1709551056.731][INFO]: [fb580449de3d5a36fcb04f9d4870193a] RESPONSE FindElement {
   "element-6066-11e4-a52e-4f735466cecf": "f.BA066BFB6950CAD37FAF4338C6B488BC.d.B076963C707D87B3A700D59F90A9EC3F.e.112"
}
[1709551056.736][INFO]: [fb580449de3d5a36fcb04f9d4870193a] COMMAND GetElementText {
   "id": "f.BA066BFB6950CAD37FAF4338C6B488BC.d.B076963C707D87B3A700D59F90A9EC3F.e.112"
}
[1709551056.736][INFO]: Waiting for pending navigations...
[1709551056.739][INFO]: Done waiting for pending navigations. Status: ok
[1709551056.746][INFO]: Waiting for pending navigations...
[1709551056.746][INFO]: Done waiting for pending navigations. Status: ok
[1709551056.746][INFO]: [fb580449de3d5a36fcb04f9d4870193a] RESPONSE GetElementText "5"
[1709551056.749][INFO]: [fb580449de3d5a36fcb04f9d4870193a] COMMAND CloseWindow {
}
[1709551056.880][SEVERE]: Unable to receive message from renderer
[1709551057.043][INFO]: [fb580449de3d5a36fcb04f9d4870193a] RESPONSE CloseWindow [  ]
